
> @antv/xflow@2.0.0 build /Users/wenyu/vector/code/AntV/XFlow/packages/xflow
> run-p -s build:dev build:umd

[36m
[1m./src/index.ts[22m → [1mdist/index.js[22m...[39m
+--------------------------------+
|                                |
|   [32m[1mBundle Format:[22m[39m [33mumd[39m           |
|   [32m[1mBundle Name:[22m[39m [33mXFlow[39m           |
|   [32m[1mDestination:[22m[39m [33mdist/index.js[39m   |
|   [32m[1mBundle   Size:[22m[39m [33m483.16 KB[39m     |
|   [32m[1mMinified Size:[22m[39m [33m481.45 KB[39m     |
|   [32m[1mGzipped  Size:[22m[39m [33m137.42 KB[39m     |
|                                |
+--------------------------------+
[1m[33m(!) "this" has been rewritten to "undefined"[39m[22m
[90mhttps://rollupjs.org/guide/en/#error-this-is-undefined[39m
[1m../../node_modules/.pnpm/registry.npmmirror.com+@antv+x6@2.0.0-beta.1/node_modules/@antv/x6/es/view/cell.js[22m
[90m1: var __rest = (this && this.__rest) || function (s, e) {
                 ^
2:     var t = {};
3:     for (var p in s) if (Object.prototype.hasOwnProperty.call(s, p) && e.indexOf(p) < 0)[39m
...and 1 other occurrence
[1m../../node_modules/.pnpm/registry.npmmirror.com+@antv+x6@2.0.0-beta.1/node_modules/@antv/x6/es/model/node.js[22m
[90m1: var __rest = (this && this.__rest) || function (s, e) {
                 ^
2:     var t = {};
3:     for (var p in s) if (Object.prototype.hasOwnProperty.call(s, p) && e.indexOf(p) < 0)[39m
...and 1 other occurrence
[1m../../node_modules/.pnpm/registry.npmmirror.com+@antv+x6@2.0.0-beta.1/node_modules/@antv/x6/es/model/cell.js[22m
[90m1: /* eslint-disable no-underscore-dangle */
2: var __decorate = (this && this.__decorate) || function (decorators, target, key, desc) {
                     ^
3:     var c = arguments.length, r = c < 3 ? target : desc === null ? desc = Object.getOwnPropertyDescriptor(target, key) : desc, d;
4:     if (typeof Reflect === "object" && typeof Reflect.decorate === "function") r = Reflect.decorate(decorators, target, key, desc);[39m
...and 3 other occurrences

...and 35 other files
[1m[33m(!) Circular dependencies[39m[22m
../../node_modules/.pnpm/registry.npmmirror.com+@antv+x6-common@2.0.0/node_modules/@antv/x6-common/es/dom/main.js -> ../../node_modules/.pnpm/registry.npmmirror.com+@antv+x6-common@2.0.0/node_modules/@antv/x6-common/es/dom/text.js -> ../../node_modules/.pnpm/registry.npmmirror.com+@antv+x6-common@2.0.0/node_modules/@antv/x6-common/es/vector/index.js -> ../../node_modules/.pnpm/registry.npmmirror.com+@antv+x6-common@2.0.0/node_modules/@antv/x6-common/es/dom/main.js
../../node_modules/.pnpm/registry.npmmirror.com+@antv+x6-geometry@2.0.0/node_modules/@antv/x6-geometry/es/line.js -> ../../node_modules/.pnpm/registry.npmmirror.com+@antv+x6-geometry@2.0.0/node_modules/@antv/x6-geometry/es/rectangle.js -> ../../node_modules/.pnpm/registry.npmmirror.com+@antv+x6-geometry@2.0.0/node_modules/@antv/x6-geometry/es/line.js
../../node_modules/.pnpm/registry.npmmirror.com+@antv+x6@2.0.0-beta.1/node_modules/@antv/x6/es/registry/tool/index.js -> ../../node_modules/.pnpm/registry.npmmirror.com+@antv+x6@2.0.0-beta.1/node_modules/@antv/x6/es/view/tool.js -> ../../node_modules/.pnpm/registry.npmmirror.com+@antv+x6@2.0.0-beta.1/node_modules/@antv/x6/es/registry/tool/index.js
../../node_modules/.pnpm/registry.npmmirror.com+@antv+x6@2.0.0-beta.1/node_modules/@antv/x6/es/view/tool.js -> ../../node_modules/.pnpm/registry.npmmirror.com+@antv+x6@2.0.0-beta.1/node_modules/@antv/x6/es/view/cell.js -> ../../node_modules/.pnpm/registry.npmmirror.com+@antv+x6@2.0.0-beta.1/node_modules/@antv/x6/es/view/tool.js
../../node_modules/.pnpm/registry.npmmirror.com+@antv+x6@2.0.0-beta.1/node_modules/@antv/x6/es/shape/index.js -> ../../node_modules/.pnpm/registry.npmmirror.com+@antv+x6@2.0.0-beta.1/node_modules/@antv/x6/es/shape/html.js -> ../../node_modules/.pnpm/registry.npmmirror.com+@antv+x6@2.0.0-beta.1/node_modules/@antv/x6/es/graph/graph.js -> ../../node_modules/.pnpm/registry.npmmirror.com+@antv+x6@2.0.0-beta.1/node_modules/@antv/x6/es/graph/options.js -> ../../node_modules/.pnpm/registry.npmmirror.com+@antv+x6@2.0.0-beta.1/node_modules/@antv/x6/es/shape/index.js
[32mcreated [1mdist/index.js[22m in [1m12.1s[22m[39m
